 ========================================
 TRELICA 2D - RESULTADOS
 Arquivo de entrada: 
 truss2d01.dat                                                                  
                                          
 NN, NE =            3           3
 Metodo: PENALIDADE
 ----------------------------------------
 DESLOCAMENTOS (por no):
No    1: ux= -1.4204E-32  uy= -1.5618E-16
No    2: ux=  1.4881E-04  uy= -1.5618E-16
No    3: ux=  7.4405E-05  uy= -3.5886E-04
 ----------------------------------------
 REACOES (apenas gdl prescritos):
No    1 dof  1  R=  4.6664E-13
No    1 dof  2  R=  5.0000E+03
No    2 dof  2  R=  5.0000E+03
 ----------------------------------------
 FORCA AXIAL E TENSAO POR ELEMENTO:
Elem    1: N=  3.1250E+03  sigma=  3.1250E+07
Elem    2: N= -5.8962E+03  sigma= -5.8962E+07
Elem    3: N= -5.8962E+03  sigma= -5.8962E+07
